[   0.0000] Linux versn 4.15.0-1-generic (buidd@lgw01-am64-013) (gcc version 7.4.0 (Ubuntu 7.4.0-1ubuntu1~18.04.1)) #92Ubuntu SMP Fri Feb 28 11:09:8 TC 2020 (Ubuntu 4150-91.92-geerc 4.15.18)[    0.000000] Command line: BOOT_IMAGE=/boot/vmliuz4.15.0-91-generiroot=LABEL=cloudimg-rootfs ro console=tty1 console=ttyS0
[    0.000000] KERNEL supported cpus:
[    0.000000]   Intel GenuineIntel
[    0.000000]   AMD AuthenticAMD
[    0.000000]   Centaur CentaurHauls
[    0.000000] x86/fpu: Supporting XSAVE feature 0x001: 'x87 flatng point regstrs'
[    0.00000 x86/fpu: Supporting XSAVE feature 0x002: 'SSE registers'
   0.00000] x86/fp: Supporting XSAVE feature 0x004: 'AVX registe'
[  0.000000] x86/fpu: xstate_offset[2]:  576, xstate_sizes[2]:  256
[    0.000000] x86/fpu: Enabled xstate features 0x7, context size is 832 bytes, using 'standard' format.
[    0.000000] e820: BIOS-provided physical RAM map:
[    0.000000 BOS-e0: [mem x0000000000000000-0x000000000009fbff] usable
[    0.00000] IOSe820: [mem0x00000000009fc00-0x000000000009ffff]reserved
[    0.000000] BIOS-e820: [mem 0x00000000000f0000-0x00000000000fffff] reserved
[    0.000000] BIOS-e820: [mem 0x0000000000100000-0x000000007ffeffff] usable
[    0.000000] BIOS-e820: [mem 0x000000007fff0000-0x000000007fffffff] ACPI data
[    0.000000] BIOS-e820: [mem 0x00000000fec00000-0x00000000fec00fff] reserved
[    0.000000] BIOS-e820: [mem 0x00000000fee00000-0x00000000fee00fff] reserved
[    0.000000] BIOS-e820: [mem 0x0000000fffc0000-0x00000000ffffffff] reserved
[    0.000000] NX (Execute Disable) protection: active
[    0.000000] SMBIOS 2.5 present.
[    0.000000] DMI: innotek GmbH VirtualBox/VirtualBox, BIOS VirtualBox 12/01/2006
[    0.000000] Hypervisor detected: KVM
[    0.000000] e820: last_pfn = 0x7fff0 max_arch_pfn = 0x400000000
[    0.000000] MTRR: Disabled
[    0.000000] x86/PAT: MTRRs disabled, skipping PATintialization too.
[    0.0000] CPUMTRs all blank - irualized system.
[    0.000000] x86/PAT: Configuration [0-7]:WB  WT  UC- UC  WB  WT  UC- UC  
[   0.000000] und SMP MP-abl at [mm x0009fff0-0x0009ffff]
[    0.000000] Scanning 1 areas for low memory corruption
[    0.000000] RAMDISK: [mem 0x35a6b000-0x36d2cfff]
[    0.000000] ACPI: Early table checksum verification disabled
[    0.000000] ACPI: RSDP 0x00000000000E0000 000024 (v02 VBOX  )
[    0.000000] ACPI: XSDT 0x000000007FFF0030 00003C (v01 VBOX   VBOXXSDT 00000001 AS  00000061)
[    0.000000] ACPI: FACP 0x000000007FFF00F0 0000F4 (v04 VBOX   VBOXFACP 00000001 ASL  00000061)
[    0.000000] ACPI: DSDT 0x000000007FFF0470 0021FF (v02 VBOX   VBOXBIOS 00000002 INTL 20100528)
[    0.000000] ACPI: FACS 0x00000007FF020000040
[  0.0000] ACPI:ACS 0x000000007FFF000 00040
   0.0000] ACPI: PIC 0x000000007FFF0240 00005C (v02 VBOX   VOXAPIC 00000001 ASL  00000061)
[    0.000000] ACP: SDT 0x000000007FFF02A0 0001CC (v01 VBOX   VBOXCPUT 00000002 INTL 010528)
[    0.000000] No NUMA configuration found
[    0.000000] Faking a node at [mem 0x0000000000000000-0x000000007ffeffff]
[    0.000000] NODE_DATA(0) allocated [mem 0x7ffc5000-0x7ffeffff]
[    0.000000] vmclock: cp0, msr0:ff44001, primary cpu clock
[    0.000000] kvm-clock: Using msrs 4b564d01 and 564d00
    0000000] kvm-clock: usingched oset of 3748284553 cycles
[    0.000000] clocksource: kvm-clock: mask: 0xffffffffffffff max_cycles: 0x1cd42e4dffb, max_idle_ns: 881590591483 ns
[    0.000000] Zone ranges:
[    0.000000]   DMA      [mem 0x0000000000001000-0x0000000000ffffff]
[    0.000000]   DMA32    [mem 0x0000000001000000-0x000000007ffeffff]
[    0.000000]   Normal   empty
[    0.000000]   Device   empty
[    0.000000] Movable zone start for each node
[    0.000000] Early memory node ranges
[    0.000000]   node   0: [mem 0x0000000000001000-0x000000000009efff]
[    0.000000]   node   0: [mem 0x0000000000100000-0x000000007ffeffff]
[    0.000000] Reserved but unavailable: 98 pages
[    0.000000] Initmem setup node 0 [mem 0x0000000000001000-0x000000007ffeffff]
[    0.000000] ACPI: PM-Timer IO Port: 04008
[    0.000000] IOAPIC[0]: apic_id 2, vesion 2, addres 0xec00000, GI -23
[    0.000000] ACPI: INT_SRC_OVR (bus 0 bus_irq 0 global_irq 2 dfl dfl)
[    0.000000] ACPI: INT_SRC_OVR (bus 0 bus_irq 9 loal_irq 9 low lel)
[   .00000 Using ACPI (MADT) fr MP configation informaton
[    0.000000] smpboot: Allowing 2 CPUs, 0 hotplug CPUs
[  0.000000]PM Registered nosave memory: [mem 0x00000000-0x00000fff]
[    0.000000] PM: egstered nosae emory: [mem 0x0009f000-0x0009ffff]
[    0.000000] PM: Regisred nosavemeory: [mem 0x000a00-0x000effff]
[    0.000000] PM: Registered nosave memory: [mem 0x000f0000-0x000fffff]
[    0.000000] e820: [mem 0x80000000-0xfebfffff] available for PCI devices
[    0.000000] Booting paravirtualized kernel on KVM
[    0.000000] clocksource: refined-jiffies: mask: 0xffffffff max_cycles: 0xffffffff, max_idle_ns: 7645519600211568 ns
[    0.000000] random: get_random_bytes caled from start_kernel+0x99/0x4fd with crng_init=0
[    0.000000] setup_percpu: NR_CPUS:8192 nr_cpumask_bits:2 nr_cpu_ids:2 nr_node_ids:1
[    0.000000] percpu: Embedded 45 pages/cpu s147456 r8192 d28672 u1048576
[    0.000000] PV qspinlock hash table entries: 256 (order: 0, 4096 bytes)
[    0.000000] Built 1 zonelists, mobility grouping on.  Total pages: 515961
[    0.000000] Policy zone: DMA32
[    0.000000] Kernel command line: BOOT_IMAGE=/boot/vmlinuz-4.15.0-91-generic root=LABEL=cloudimg-rootfs ro console=tty1 console=ttyS0
[    0.000000] Memory: 2015252K/2096696K available (12300K kernel code, 2481K rwdata, 4264K rodata, 2432K init, 2712K bss, 81444K reserved, 0K cma-reserved)
[    0.000000] SLUB: HWalign=64, Order=0-3, MinObjects=0, CPUs=2, Nodes=1
[    0.000000] Kernel/User page tables isolation: enabled
[    0.000000] ftrace: allocating 39347 entries in 154 pages
[    0.004000] Hierarchical RCU iplementatin.
[    0.0400] 	RCU restricting CPUs from NR_CPUS=8192 to nr_cpu_ids=2.
[    0.004000] 	Tasks RCU enabled.
[    0.004000] RCU: Adstingeometry for rcu_fanout_leaf=16, nr_cpu_ids=2
[    0.004000] NR_IRQS: 524544, nr_irqs: 440, preallocated irqs: 16
[    0.004000] Console: colour VGA+ 80x25
[    0.004000] console [tty1] enabled
[    0.004000] console [ttyS0] enabled
[    0.004000] ACPI: Core revision 20170831
[    0.004000] ACPI: 2 ACPI AML tables successfully acquired and loaded
[    0.004000] APIC: Switch to symmetric I/O mode setup
[    0.004000] x2apic enabled
[    0.004000] Switched APIC routing to physical x2apic.
[    0.004000] ..TIMER: vector=0x30 apic1=0 pin1=2 apic2=-1 pin2=-1
[    0.004004] tsc: Detected 3504.000 MHz processor
[   0.004898] Calibrating delay loop (skipped) preset value.. 7008.00 BogoMIPS (lpj=14016000)
[    0.008008] pid_max: default: 32768 minimum: 301
[    0.012036] Security Framework initialized
[    0.016006] Yama: becoming mindful.
[    0.020036] AppArmor: AppArmor initialized
[    0.025812] Dentry cache hash table entries: 262144 (order: 9, 2097152 bytes)
[    0.029713] Inode-cache hash table entries: 131072 (order: 8, 1048576 bytes)
[    0.032034] Mount-cache hash table entries: 4096 (order: 3, 32768 bytes)
[    0.036015] Mountpoint-cache hash table entries: 4096 (order: 3, 32768 bytes)
[    0.040234] Last level iTLB entries: 4KB 64, 2MB 8, 4MB 8
[    0.044004] Last level dTLB entries: 4KB 64, 2MB 0, 4MB 0, 1GB 4
[    0.045582] Spectre V1 : Mitigation: usercopy/swapgs barriers and __user pointer sanitization
[    0.048006] Spectre V2 : Mitigation: Full generic retpoline
[    0.052005] Spectre V2 : Spectre v2 / SpectreRSB mitigation: Filling RSB on context switch
[    0.056006] Speculative Store Bypass: Vulnerable
[    0.060060] MDS: Vulnerable: Clear CPU buffers attempted, no microcode
[    0.064143] Freeing SMP alternatives memory: 36K
[    0.176824] smpboot: CPU0: Intel(R) Core(TM) i7-7567U CPU @ 3.50GHz (family: 0x6, model: 0x8e, stepping: 0x9)
[    0.180092] Performance Events: unsupported p6 CPU model 142 no PMU driver, software events only.
[    0.184064] Hierarchical SRCU implementation.
[    0.188501] NMI watchdog: Perf event create on CPU 0 failed with -2
[    0.189870] NMI watchdog: Perf NMI watchdog permanently disabled
[    0.192053] smp: Bringing up secondary CPUs ...
[    0.193041] x86: Booting SMP configuration:
[    0.194200] .... node  #0, CPUs:      #1
[    0.004000] kvm-clock: cpu 1, msr 0:7ff44041, secondary cpu clock
[    0.208022] smp: Brought up 1 node, 2 CPUs
[    0.208882] smpboot: Max logical packages: 1
[    0.209849] smpboot: Total of 2 processors activated (14016.00 BogoMIPS)
[    0.212049] devtmpfs: initialized
[    0.213052] x86/mm: Memory block size: 128MB
[    0.214470] evm: security.selinux
[    0.215391] evm: security.SMACK64
[    0.216010] evm: security.SMACK64EXEC
[    0.217205] evm: security.SMACK64TRANSMUTE
[    0.220006] evm: security.SMACK64MMAP
[    0.224034] evm: security.apparmor
[    0.225644] evm: security.ima
[    0.228006] evm: security.capability
[    0.232011] clocksource: jiffies: mask: 0xffffffff max_cycles: 0xffffffff, max_idle_ns: 7645041785100000 ns
[    0.236014] futex hash table entries: 512 (order: 3, 32768 bytes)
[    0.240090] pinctrl core: initialized pinctrl subsystem
[    0.244323] RTC time:  1:33:40, date: 03/31/20
[    0.248197] NET: Registered protocol family 16
[    0.249457] audit: initializing netlink subsys (disabled)
[    0.252041] audit: type=2000 audit(1585618420.356:1): state=initialized audit_enabled=0 res=1
[    0.324009] cpuidle: using governor ladder
[    0.328014] cpuidle: using governor menu
[    0.329373] ACPI: bus type PCI registered
[    0.332004] acpiphp: ACPI Hot Plug PCI Controller Driver version: 0.5
[    0.333706] PCI: Using configuration type 1 for base access
[    0.340086] HugeTLB registered 2.00 MiB page size, pre-allocated 0 pages
[    0.344102] ACPI: Added _OSI(Module Device)
[    0.348009] ACPI: Added _OSI(Processor Device)
[    0.352010] ACPI: Added _OSI(3.0 _SCP Extensions)
[    0.356003] ACPI: Added _OSI(Processor Aggregator Device)
[    0.360007] ACPI: Added _OSI(Linux-Dell-Video)
[    0.364004] ACPI: Added _OSI(Linux-Lenovo-NV-HDMI-Audio)
[    0.368009] ACPI: Added _OSI(Linux-HPI-Hybrid-Graphics)
[    0.372383] ACPI: Executed 1 blocks of module-level executable AML code
[    0.381046] ACPI: Interpreter enabled
[    0.384019] ACPI: (supports S0 S5)
[    0.388015] ACPI: Using IOAPIC for interrupt routing
[    0.392232] PCI: Using host bridge windows from ACPI; if necessary, use "pci=nocrs" and report a bug
[    0.396220] ACPI: Enabled 2 GPEs in block 00 to 07
[    0.407105] ACPI: PCI Root Bridge [PCI0] (domain 0000 [bus 00-ff])
[    0.408016] acpi PNP0A03:00: _OSC: OS supports [ASPM ClockPM Segments MSI]
[    0.412043] acpi PNP0A03:00: _OSC: not requesting OS control; OS requires [ExtendedConfig ASPM ClockPM MSI]
[    0.416018] acpi PNP0A03:00: fail to add MMCONFIG information, can't access extended PCI configuration space under this bridge.
[    0.420448] PCI host bridge to bus 0000:00
[    0.424007] pci_bus 0000:00: root bus resource [io  0x0000-0x0cf7 window]
[    0.428003] pci_bus 0000:00: root bus resource [io  0x0d00-0xffff window]
[    0.432004] pci_bus 0000:00: root bus resource [mem 0x000a0000-0x000bffff window]
[    0.436011] pci_bus 0000:00: root bus resource [mem 0x80000000-0xfdffffff window]
[    0.440010] pci_bus 0000:00: root bus resource [bus 00-ff]
[    0.446898] pci 0000:00:01.1: legacy IDE quirk: reg 0x10: [io  0x01f0-0x01f7]
[    0.448004] pci 0000:00:01.1: legacy IDE quirk: reg 0x14: [io  0x03f6]
[    0.452008] pci 0000:00:01.1: legacy IDE quirk: reg 0x18: [io  0x0170-0x0177]
[    0.456010] pci 0000:00:01.1: legacy IDE quirk: reg 0x1c: [io  0x0376]
[    0.484737] pci 0000:00:07.0: quirk: [io  0x4000-0x403f] claimed by PIIX4 ACPI
[    0.488029] pci 0000:00:07.0: quirk: [io  0x4100-0x410f] claimed by PIIX4 SMB
[    0.501850] ACPI: PCI Interrupt Link [LNKA] (IRQs 5 9 10 *11)
[    0.504285] ACPI: PCI Interrupt Link [LNKB] (IRQs 5 9 *10 11)
[    0.508129] ACPI: PCI Interrupt Link [LNKC] (IRQs 5 *9 10 11)
[    0.512167] ACPI: PCI Interrupt Link [LNKD] (IRQs 5 9 10 *11)
[    0.516434] SCSI subsystem initialized
[    0.520076] pci 0000:00:02.0: vgaarb: setting as boot VGA device
[    0.521436] pci 0000:00:02.0: vgaarb: VGA device added: decodes=io+mem,owns=io+mem,locks=none
[    0.524009] pci 0000:00:02.0: vgaarb: bridge control possible
[    0.525159] vgaarb: loaded
[    0.525830] ACPI: bus type USB registered
[    0.528025] usbcore: registered new interface driver usbfs
[    0.529079] usbcore: registered new interface driver hub
[    0.530132] usbcore: registered new device driver usb
[    0.532026] EDAC MC: Ver: 3.0.0
[    0.533238] PCI: Using ACPI for IRQ routing
[    0.533952] NetLabel: Initializing
[    0.536004] NetLabel:  domain hash size = 128
[    0.537239] NetLabel:  protocols = UNLABELED CIPSOv4 CALIPSO
[    0.540028] NetLabel:  unlabeled traffic allowed by default
[    0.542083] clocksource: Switched to clocksource kvm-clock
[    0.564757] VFS: Disk quotas dquot_6.6.0
[    0.572154] VFS:quot-cache hash table entries: 512 (order 0, 4096 bytes)
[    0.630246] AppArmor: ApAmo Flesyte Eabd[   0.839310]pn: nPACPIint[   1.8607] pn: Pn API  found  dvies

[    1.292788] clocksource: acpi_pm: mask: 0xffffff max_cycles: 0xffffff, max_idle_ns: 2085701024 ns
[    1.295060] NET: Registered protolamly 2
[    1.447] CPesabisd sh table entries: 16384 (order: 5, 131072 byte)

[    1.680654] TCP bind hash table entries: 16384 (order: 6, 262144 bytes)[   .717886] TCP: Hh tabescofiur (stblishe 138 bnd1684)

[    .120977 UDP hash table entries: 1024 (rdr:3,27 bte)[    2.348] DPLite hash table entries: 1024 (order: 3, 32768 bytes)
[    2.519503] NET: Registerd rotocol family 1
   2.5640] pci 0000:00:00.0: Limiting direct PCI/PCI trasfers
[   2.7013] pc000:0:0.0: ActivtingIS DA an wrkrond
    .0866]pci 00:0:0.0: Video vie ith sdowed ROM at [mem0x0c00-000dfff][   .600262] Unpacking initramfs...
[    3.947701] Freeing initrd memory: 19208K
[    3.988859] clocksource: tsc: mask: 0xffffffffffffffff max_cycles: 0x3282142a9b0, max_idle_ns: 440795384778 ns
[    4.028905] platform rtc_cmos: registered platform RTC device (no PNP device found)
[    4.031369] Scanning for low memory corruption every 60 seconds
[    4.070054] Initialise system trusted keyrings
[    4.082522] Key type blacklist registered
[    4.084138] workingset: timestamp_bits=36 max_order=19 bucket_order=0
[    4.121673] zbud: loaded
[    4.123004] squashfs: version 4.0 (2009/01/31) Phillip Lougher
[    4.153602] fuse init (API version 7.26)
[    4.177414] Key type asymmetric registered
[    4.178260] Asymmetric key parser 'x509' registered
[    4.179231] Block layer SCSI generic (bsg) driver version 0.4 loaded (major 246)
[    4.180782] io scheduler noop registered
[    4.201260] io scheduler deadline registered
[    4.228687] io scheduler cfq registered (default)
[    4.266614] ACPI: AC Adapter [AC] (off-line)
[    4.288898] input: Power Button as /devices/LNXSYSTM:00/LNXPWRBN:00/input/input0
[    4.346768] ACPI: Power Button [PWRF]
[    4.389303] input: Sleep Button as /devices/LNXSYSTM:00/LNXSLPBN:00/input/input1
[    4.462198] ACPI: Sleep Button [SLPF]
[    4.477591] Serial: 8250/16550 driver, 32 ports, IRQ sharing enabled
[    4.479032] ACPI: Battery Slot [BAT0] (battery present)
[    4.502817] 00:02: ttyS0 at I/O 0x3f8 (irq = 4, base_baud = 115200) is a 16550A
[    4.524960] Linux agpgart interface v0.103
[    4.532439] loop: module loaded
[    4.553517] scsi host0: ata_piix
[    4.569136] scsi host1: ata_piix
[    4.585437] ata1: PATA max UDMA/33 cmd 0x1f0 ctl 0x3f6 bmdma 0xd000 irq 14
[    4.587160] ata2: PATA max UDMA/33 cmd 0x170 ctl 0x376 bmdma 0xd008 irq 15
[    4.610978] libphy: Fixed MDIO Bus: probed
[    4.618894] tun Universal TUNTA dvie rier 1.6

[    4.80101]PP gneicrive version 2.4.2

[    4.984490] ehci_hcd: USB 2.0 'Enhanced' Host Controller (EHCI) Driver
[    5.009694] ehci-pci: EHCI PCI platform driver
[    5.018680] ehci-platform: EHCI generic platform driver
[    5.021331] ohci_hcd: USB 1.1 'Open' Host Controller (OHCI) Driver
[    5.023885] ohci-pci: OHCI PCI platform driver
[    5.025832] ohci-platform: OHCI generic platform driver
[    5.027972] uhci_hcd: USB Universal Host Controller Interface driver
[    5.030726] i8042: PNP: PS/2 Controller [PNP0303:PS2K,PNP0f03:PS2M] at 0x60,0x64 irq 1,12
[    5.049501] serio: i8042 KBD port at 0x60,0x64 irq 1
[    5.056628] serio: i8042 AUX port at 0x60,0x64 irq 12
[    5.058087] mousedev: PS/2 mouse device common for all mice
[    5.077663] rtc_cmos rtc_cmos: rtc core: registered rtc_cmos as rtc0
[    5.096094] rtc_cmos rtc_cmos: alarms up to one day, 114 bytes nvram
[    5.140365] i2c /dev entries driver
[    5.141474] input: AT Translated Set 2 keyboard as /devices/platform/i8042/serio0/input/input2
[    5.144192] device-mapper: uevent: version 1.0.3
[    5.183576] device-mapper: ioctl: 4.37.0-ioctl (2017-09-20) initialised: dm-devel@redhat.com
[    5.252334] ledtrig-cpu: registered to indicate activity on CPUs
[    5.331753] NET: Registered protocol family 10
[    5.368554] Segment Routing with IPv6
[    5.369631] NET: Registered protocol family 17
[    5.381929] Key type dns_resolver registered
[    5.413662] mce: Using 0 MCE banks
[    5.452490] RAS: Correctable Errors collector initialized.
[    5.480964] sched_clock: Marking stable (5480933469, 0)->(11316215806, -5835282337)
[    5.526458] registered taskstats version 1
[    5.534743] Loading compiled-in X.509 certificates
[    5.593282] Loaded X.509 cert 'Build time autogenerated kernel key: d019e8c5f4cbc828f6af43369f65a014a3a68371'
[    5.651822] zswap: loaded using pool lzo/zbud
[    5.687173] Key type big_key registered
[    5.701252] Key type trusted registered
[    5.704168] Key type encrypted registered
[    5.742318] AppArmor: AppArmor sha1 policy hashing enabled
[    5.779414] ima: No TPM chip found, activating TPM-bypass! (rc=-19)
[    5.802033] ima: Allocated hash algorithm: sha1
[    5.818637] evm: HMAC attrs: 0x1
[    5.838899]   Magic number: 12:443:560
[    5.884132] rtc_cmos rtc_cmos: setting system clock to 2020-03-31 01:33:46 UTC (1585618426)
[    5.920996] BIOS EDD facility v0.16 2004-Jun-25, 0 devices found
[    6.003523] EDD information not available.
[    6.015435] Freeing unused kernel image memory: 2432K
[    6.032631] Write protecting the kernel read-only data: 20480k
[    6.047286] Freeing unused kernel image memory: 2008K
[    6.049916] Freeing unused kernel image memory: 1880K
[    6.070131] x86/mm: Checked W+X mappings: passed, no W+X pages found.
[    6.075049] x86/mm: Checking user space page tables
[    6.097299] x86/mm: Checked W+X mappings: passed, no W+X pages found.
Loading, please wait...
starting version 237
[    6.239641] e1000: Intel(R) PRO/1000 Network Driver - version 7.3.21-k8-NAPI
[    6.252378] e1000: Copyright (c) 1999-2006 Intel Corporation.
[    6.263835] Fusion MPT base driver 3.04.20
[    6.266551] Copyright (c) 1999-2008 LSI Corporation
[    6.270649] Fusion MPT SPI Host driver 3.04.20
[    6.282566] AVX2 version of gcm_enc/dec engaged.
[    6.283816] AES CTR mode by8 optimization enabled
[    6.473084] input: ImExPS/2 Generic Explorer Mouse as /devices/platform/i8042/serio1/input/input4
[    6.669877] e1000 0000:00:03.0 eth0: (PCI:33MHz:32-bit) 02:39:67:45:9c:e6
[    6.769218] e1000 0000:00:03.0 eth0: Intel(R) PRO/1000 Network Connection
[    6.777485] e1000 0000:00:03.0 enp0s3: renamed from eth0
[    6.780351] mptbase: ioc0: Initiating bringup
[    6.892652] ioc0: LSI53C1030 A0: Capabilities={Initiator}
[    7.183563] scsi host2: ioc0: LSI53C1030 A0, FwRev=00000000h, Ports=1, MaxQ=256, IRQ=20
[    7.421408] scsi 2:0:0:0: Direct-Access     VBOX     HARDDISK         1.0  PQ: 0 ANSI: 5
[    8.693613] scsi target2:0:0: Beginning Domain Validation
[    9.211383] scsi target2:0:0: Domain Validation skipping write tests
[   10.025098] scsi target2:0:0: Ending Domain Validation
[   10.035949] scsi target2:0:0: asynchronous
[   10.316035] scsi 2:0:1:0: Direct-Access     VBOX     HARDDISK         1.0  PQ: 0 ANSI: 5
[   11.452925] scsi target2:0:1: Beginning Domain Validation
[   12.287942] random: fast init done
[   12.559947] scsi target2:0:1: Domain Validation skipping write tests
[   13.213549] scsi target2:0:1: Ending Domain Validation
[   13.217406] scsi target2:0:1: asynchronous
[   13.222452] random: systemd-udevd: uninitialized urandom read (16 bytes read)
[   13.223941] random: systemd-udevd: uninitialized urandom read (16 bytes read)
[   13.225701] random: systemd-udevd: uninitialized urandom read (16 bytes read)
[   13.227241] sd 2:0:0:0: Attached scsi generic sg0 type 0
[   13.275443] sd 2:0:0:0: [sda] 20971520 512-byte logical blocks: (10.7 GB/10.0 GiB)
[   13.276786] sd 2:0:1:0: Attached scsi generic sg1 type 0
[   13.299996] sd 2:0:0:0: [sda] Write Protect is off
[   13.300627] sd 2:0:1:0: [sdb] 20480 512-byte logical blocks: (10.5 MB/10.0 MiB)
[   13.305924] sd 2:0:1:0: [sdb] Write Protect is off
[   13.307660] sd 2:0:1:0: [sdb] Incomplete mode parameter data
[   13.307696] sd 2:0:0:0: [sda] Incomplete mode parameter data
[   13.316193] sd 2:0:1:0: [sdb] Assuming drive cache: write through
[   13.317278] sd 2:0:0:0: [sda] Assuming drive cache: write through
[   13.320746] sd 2:0:1:0: [sdb] Attached SCSI disk
[   13.878784]  sda: sda1
[   13.880367] sd 2:0:0:0: [sda] Attached SCSI disk
Begin: Loading essential drivers ... [   15.308266] raid6: sse2x1   gen() 13176 MB/s
[   15.360013] raid6: sse2x1   xor()  9322 MB/s
[   15.412030] raid6: sse2x2   gen() 15974 MB/s
[   15.476338] raid6: sse2x2   xor() 10875 MB/s
[   15.548268] raid6: sse2x4   gen() 17827 MB/s
[   15.624592] raid6: sse2x4   xor() 11253 MB/s
[   15.688258] raid6: avx2x1   gen() 26444 MB/s
[   15.756292] raid6: avx2x1   xor() 18436 MB/s
[   15.832254] raid6: avx2x2   gen() 30631 MB/s
[   15.900261] raid6: avx2x2   xor() 19925 MB/s
[   15.976354] raid6: avx2x4   gen() 37021 MB/s
[   16.040678] raid6: avx2x4   xor() 21657 MB/s
[   16.063248] raid6: using algorithm avx2x4 gen() 37021 MB/s
[   16.069433] raid6: .... xor() 21657 MB/s, rmw enabled
[   16.092911] raid6: using avx2x2 recovery algorithm
[   16.107824] xor: automatically using best checksumming function   avx       
[   16.114322] async_tx: api initialized (async)
done.
Begin: Running /scripts/init-premount ... done.
Begin: Mounting root file system ... Begin: Running /scripts/local-top ... done.
Begin: Running /scripts/local-premount ... [   16.184689] Btrfs loaded, crc32c=crc32c-intel
Scanning for Btrfs filesystems
done.
Warning: fsck no[   16.214843] EXT4-fs (sda1): mounted filesystem with ordered data mode. Opts: (null)
t present, so skipping root file system
done.
Begin: Running /scripts/local-bottom ... done.
Begin: Running /scripts/init-bottom ... done.
[   16.391385] ip_tables: (C) 2000-2006 Netfilter Core Team
[   16.398250] systemd[1]: systemd 237 running in system mode. (+PAM +AUDIT +SELINUX +IMA +APPARMOR +SMACK +SYSVINIT +UTMP +LIBCRYPTSETUP +GCRYPT +GNUTLS +ACL +XZ +LZ4 +SECCOMP +BLKID +ELFUTILS +KMOD -IDN2 +IDN -PCRE2 default-hierarchy=hybrid)
[   16.557112] systemd[1]: Detected virtualization oracle.
[   16.571348] systemd[1]: Detected architecture x86-64.

Welcome to [1mUbuntu 18.04.4 LTS[0m!

[   16.628567] systemd[1]: Set hostname to <ubuntu>.
[   16.632171] systemd[1]: Initializing machine ID from random generator.
[   16.634135] systemd[1]: Installed transient /etc/machine-id file.
[   16.813115] systemd[1]: Created slice System Slice.
[[0;32m  OK  [0m] Created slice System Slice.
[   16.819943] systemd[1]: Listening on Journal Audit Socket.
[[0;32m  OK  [0m] Listening on Journal Audit Socket.
[   16.877290] systemd[1]: Listening on Journal Socket (/dev/log).
[[0;32m  OK  [0m] Listening on Journal Socket (/dev/log).
[   16.915003] systemd[1]: Listening on udev Control Socket.
[[0;32m  OK  [0m] Listening on udev Control Socket.
[[0;32m  OK  [0m] Listening on udev Kernel Socket.
[[0;32m  OK  [0m] Listening on /dev/initctl Compatibility Named Pipe.
[[0;32m  OK  [0m] Listening on Journal Socket.
         Starting Remount Root and Kernel File Systems...
         Starting Create list of required st…ce nodes for the current kernel...
[[0;32m  OK  [0m] Started Forward Password Request[   16.936377] EXT4-fs (sda1): re-mounted. Opts: (null)
s to Wall Directory Watch.
[[0;32m  OK  [0m] Created slice system-serial\x2dgetty.slice.
         Starting udev Coldplug all Devices...
[[0;32m  OK  [0m] Listening on LVM2 poll daemon socket.
[[0;32m  OK  [0m] Reached target Swap.
         Mounting Huge Pages File System...
         Starting Set the console keyboard layout...
[[0;32m  OK  [0m] Set up automount Arbitrary Executab…rmats File System Automount Point.
[[0;32m  OK  [0m] Created slice User and Session Slice.
[[0;32m  OK  [0m] Listening on LVM2 metadata daemon socket.
[[0;32m  OK  [0m] Reached target User and Group Name Lookups.
[[0;32m  OK  [0m] Listening on Network Service Netlink Socket.
[[0;32m  OK  [0m] Listening on Device-mapper event daemon FIFOs.
         Starting Monitoring of LVM2 mirrors…ng dmeventd or progress polling...
[[0;32m  OK  [0m] Listening on Syslog Socket.
         Starting Journal Service...
[[0;32m  OK  [0m] Reached target Slices.
         Mounting POSIX Message Queue File System...
         Starting Uncomplicated firewall...
         Mounting Kernel Debug File System...
[[0;32m  OK  [0m] Reached target System Time Synchronized.
         Starting Load Kernel Modules...
[[0;32m  OK  [0m] Started Remount Root and Kernel File Systems.
[[0;32m  OK  [0m] Started Create l[   17.118384] Loading iSCSI transport class v2.0-870.
ist of required sta…vice nodes for the current kernel.
[[0;32m  OK  [0m] Started Journal Service.
[[0;32m  OK  [0m] Mounted Huge Pages File System.[   17.135939] iscsi: registered transport (tcp)

[[0;32m  OK  [0m] Started Set the console keyboard layout.
[[0;32m  OK  [0m] Mounted POSIX Message Queue File System.
[[0;32m  OK  [0m] Started Uncomplicated firewall.
[[0;32m  OK  [0m] Mounted Kernel Debug File System.
[[0;32m  OK  [0m] Started LVM2 metadata daemon.
         Starting Create Static Device Nodes in /dev...
         Starting Load/Save Random Seed...
         Starting Flush Journal to Persistent Storage...
[[0;32m  OK  [0m] Started udev Coldplug all Devices.
[[0;32m  OK  [0m] Started Create Static Device Nodes in /dev.
         Starting udev Kernel Device Manager...
[   17.188491] systemd-journald[398]: Received request to flush runtime journal from PID 1
[[0;32m  OK  [0m] Started Load/Save Random Seed.
[   17.203554] iscsi: registered transport (iser)
[[0;32m  OK  [0m] Started Load Kernel Modules.
         Mounting Kernel Configuration File System...
         Starting Apply Kernel Variables...
         Mounting FUSE Control File System...
[[0;32m  OK  [0m] Mounted Kernel Configuration File System.
[[0;32m  OK  [0m] Started Monitoring of LVM2 mirrors,…sing dmeventd or progress polling.
[[0;32m  OK  [0m] Mounted FUSE Control File System.
[[0;32m  OK  [0m] Reached target Local File Systems (Pre).
[[0;32m  OK  [0m] Reached target Local File Systems.
         Starting Set console font and keymap...
         Startin[   17.290295] random: crng init done
g AppArmor initi[   17.297403] random: 7 urandom warning(s) missed due to ratelimiting
alization...
         Starting ebtables ruleset management...
         Starting Commit a transient machine-id on disk...
         Starting Tell Plymouth To Write Out Runtime Data...
[[0;32m  OK  [0m] Started udev Kernel Device Manager.
[[0;32m  OK  [0m] Started Flush Journal to Persistent Storage.
[[0;32m  OK  [0m] Started Set console font and keymap.
         Starting Create Volatile Files and Directories...
[[0;32m  OK  [0m] Started Dispatch Password Requests to Console Directory Watch.
[[0;32m  OK  [0m] Reached target Local Encrypted Volumes.
[[0;32m  OK  [0m] Started Apply Kernel Variables.
[[0;32m  OK  [0m] Started Tell Plymouth To Write Out Runtime Data.
[[0;32m  OK  [0m] Started Create Volatile Files and Directories.
         Starting Update UTMP about System Boot/Shutdown...
[[0;32m  OK  [0m] Started Commit a transient machine-id on disk.
[[0;32m  OK  [0m] Started Update UTMP about System Boot/Shutdown.
[[0;32m  OK  [0m] Started ebtables ruleset management.
[[0;32m  OK  [0m] Found device /dev/ttyS0.
[[0;32m  OK  [0m] Listening on Load/Save RF Kill Switch Status /dev/rfkill Watch.
[[0;32m  OK  [0m] Started AppArmor initialization.
         Starting Initial cloud-init job (pre-networking)...
[   18.943064] cloud-init[549]: Cloud-init v. 19.4-33-gbb4131a2-0ubuntu1~18.04.1 running 'init-local' at Tue, 31 Mar 2020 01:33:59 +0000. Up 18.65 seconds.
[[0;32m  OK  [0m] Started Initial cloud-init job (pre-networking).
[[0;32m  OK  [0m] Reached target Network (Pre).
         Starting Network Service...
[[0;32m  OK  [0m] Started Network Service.
         Starting Network Name Resolution...
         Starting Wait for Network to be Configured...
[[0;32m  OK  [0m] Started Network Name Resolution.
[[0;32m  OK  [0m] Reached target Host and Network Name Lookups.
[[0;32m  OK  [0m] Reached target Network.
[[0;32m  OK  [0m] Started Wait for Network to be Configured.
         Starting Initial cloud-init job (metadata service crawler)...
[   21.290058] cloud-init[656]: Cloud-init v. 19.4-33-gbb4131a2-0ubuntu1~18.04.1 running 'init' at Tue, 31 Mar 2020 01:34:01 +0000. Up 21.18 seconds.
[   21.310222] cloud-init[656]: ci-info: ++++++++++++++++++++++++++++++++++++++Net device info++++++++++++++++++++++++++++++++++++++
[   21.336297] cloud-init[656]: ci-info: +--------+------+----------------------------+---------------+--------+-------------------+
[   21.348623] cloud-init[656]: ci-info: | Device |  Up  |          Address           |      Mask     | Scope  |     Hw-Address    |
[   21.356904] cloud-init[656]: ci-info: +--------+------+----------------------------+---------------+--------+-------------------+
[   21.371207] cloud-init[656]: ci-info: | enp0s3 | True |         10.0.2.15          | 255.255.255.0 | global | 02:39:67:45:9c:e6 |
[   21.405569] cloud-init[656]: ci-info: | enp0s3 | True | fe80::39:67ff:fe45:9ce6/64 |       .       |  link  | 02:39:67:45:9c:e6 |
[   21.461739] cloud-init[656]: ci-info: |   lo   | True |         127.0.0.1          |   255.0.0.0   |  host  |         .         |
[   21.474742] cloud-init[656]: ci-info: |   lo   | True |          ::1/128           |       .       |  host  |         .         |
[   21.524506] cloud-init[656]: ci-info: +--------+------+----------------------------+---------------+--------+-------------------+
[   21.567726] cloud-init[656]: ci-info: ++++++++++++++++++++++++++++Route IPv4 info+++++++++++++++++++++++++++++
[   21.581701] cloud-init[656]: ci-info: +-------+-------------+----------+-----------------+-----------+-------+
[   21.584214] cloud-init[656]: ci-info: | Route | Destination | Gateway  |     Genmask     | Interface | Flags |
[   21.586485] cloud-init[656]: ci-info: +-------+-------------+----------+-----------------+-----------+-------+
[   21.588913] cloud-init[656]: ci-info: |   0   |   0.0.0.0   | 10.0.2.2 |     0.0.0.0     |   enp0s3  |   UG  |
[   21.618058] cloud-init[656]: ci-info: |   1   |   10.0.2.0  | 0.0.0.0  |  255.255.255.0  |   enp0s3  |   U   |
[   21.636839] cloud-init[656]: ci-info: |   2   |   10.0.2.2  | 0.0.0.0  | 255.255.255.255 |   enp0s3  |   UH  |
[   21.647212] cloud-init[656]: ci-info: +-------+-------------+----------+-----------------+-----------+-------+
[   21.655836] cloud-init[656]: ci-info: +++++++++++++++++++Route IPv6 info+++++++++++++++++++
[   21.658710] cloud-init[656]: ci-info: +-------+-------------+---------+-----------+-------+
[   21.671509] cloud-init[656]: ci-info: | Route | Destination | Gateway | Interface | Flags |
[   21.676439] cloud-init[656]: ci-info: +-------+-------------+---------+-----------+-------+
[   21.678273] cloud-init[656]: ci-info: |   1   |  fe80::/64  |    ::   |   enp0s3  |   U   |
[   21.680950] cloud-init[656]: ci-info: |   3   |    local    |    ::   |   enp0s3  |   U   |
[   21.684741] cloud-init[656]: ci-info: |   4   |   ff00::/8  |    ::   |   enp0s3  |   U   |
[   21.690809] cloud-init[656]: ci-info: +-------+-------------+---------+-----------+-------+
[   22.450759] cloud-init[656]: Generating public/private rsa key pair.
[[   22.504643] cloud-init[656]: Your identification has been saved in /etc/ssh/ssh_host_rsa_key.
[   22.504888] cloud-init[656]: Your public key has been saved in /etc/ssh/ssh_host_rsa_key.pub.
[   22.505207] cloud-init[656]: The key fingerprint is:
[   22.505534] cloud-init[656]: SHA256:KfeUdyNcXQByH6tG8sSlv26uJc6ldTYbGy0mBjA2vEs root@ubuntu-bionic
[   22.505839] cloud-init[656]: The key's randomart image is:
[   22.506155] cloud-init[656]: +---[RSA 2048]----+
[   22.506470] cloud-init[656]: |          . o.+..|
[0;32m  OK  [0m] Started Initial cloud-init job (metadata service crawler).
[   22.507857] cloud-init[656]: |       .   + + +.|
[[0;32m  OK  [0m] Reached target System Initialization.
[   22.566865] cloud-init[656]: |        * . = + .|
[[   22.575954] cloud-init[656]: |       . * B +   |
[   22.576287] cloud-init[656]: |      . E + B +  |
[   22.576538] cloud-init[656]: |       + + + o o.|
[   22.576815] cloud-init[656]: |        . . + B++|
[   22.577086] cloud-init[656]: |           + X.+*|
[   22.577348] cloud-init[656]: |            =+oo |
[   22.577615] cloud-init[656]: +----[SHA256]-----+
[   22.577879] cloud-init[656]: Generating public/private dsa key pair.
[0;32m  OK  [0m] Started ACPI Events Check.
[   22.578198] cloud-init[656]: Your identification has been saved in /etc/ssh/ssh_host_dsa_key.
[[   22.629921] cloud-init[656]: Your public key has been saved in /etc/ssh/ssh_host_dsa_key.pub.
[   22.630105] cloud-init[656]: The key fingerprint is:[0;32m  OK  [0m
] Started Discard unused blocks once a week.
[   22.630672] cloud-init[656]: SHA256:iJZEGcwNCextZEH5e7q4fbkAzle8O4nGGDnep8JOO8E root@ubuntu-bionic
[[0;32m  OK  [0m] Listening on Open-iSCSI iscsid Socket.
[   22.644322] cloud-init[656]: The key's randomart image is:
[   22.656097] cloud-init[656]: +---[DSA 1024]----+
[   22.656346] cloud-init[656]: | ..=*O           |
[   22.656819] cloud-init[656]: |  ..O .          |
[   22.657922] cloud-init[656]: | . +..           |
[[0;32m  OK  [0m] Started Daily apt download activities.
[   22.658376] cloud-init[656]: |  ..oo.o         |
[[   22.680347] cloud-init[656]: |   o=...S        |
[   22.680909] cloud-init[656]: [0;32m  OK  [0m|   +E.....       |] 
Started Daily apt upgrade and clean activities.
[   22.681632] cloud-init[656]: |   o+Bo+.o       |
[[   22.703266] cloud-init[656]: |   .*=*.*.       |
[   22.703580] cloud-init[656]: |   .==+=oo       |
[   22.704621] cloud-init[656]: +----[SHA256]-----+
[   22.704944] cloud-init[656]: Generating public/private ecdsa key pair.
[   22.705273] cloud-init[656]: Your identification has been saved in /etc/ssh/ssh_host_ecdsa_key.
[   22.705621] cloud-init[656]: Your public key has been saved in /etc/ssh/ssh_host_ecdsa_key.pub.
[   22.705953] cloud-init[656]: The key fingerprint is:
[   22.706266] cloud-init[656]: SHA256:so3W7c4XHvE0FMBQ7jvQgtMN+TddY3ZQrBvZtBWNK1o root@ubuntu-bionic
[   22.706589] cloud-init[656]: The key's randomart image is:
[   22.706910] cloud-init[656]: +---[ECDSA 256]---+
[   22.707237] cloud-init[656]: |          .+o.o*+|
[   22.707559] cloud-init[656]: |           o. o.=|
[0;32m  OK  [0m] Started Message of the Day.
[   22.707961] cloud-init[656]: |          o .. X=|
[[   22.779053] cloud-init[656]: |         o *E Xo=|
[   22.779329] cloud-init[656]: |      . S +o==o+.|
[   22.779890] cloud-init[656]: |       * o.oooo. |
[0;32m  OK  [0m[   22.780410] cloud-init[656]: |      + o ..oo   |
[   22.780463] cloud-init[656]: |     .   o  o.   |
] Listening on D-Bus System Message Bus Socket.
[   22.780513] cloud-init[656]: |         .+.     |
         [   22.837516] cloud-init[656]: +----[SHA256]-----+
[   22.838045] cloud-init[656]: Generating public/private ed25519 key pair.
Starting Socket activation for snappy daemon.
[   22.838477] cloud-init[656]: Your identification has been saved in /etc/ssh/ssh_host_ed25519_key.
         Starting LXD - unix socket.
[   22.904165] cloud-init[656]: Your public key has been saved in /etc/ssh/ssh_host_ed25519_key.pub.
[[0;32m  OK  [0m[   22.972582] cloud-init[656]: The key fingerprint is:
] Started Daily Cleanup of Temporary Directories.
[   22.973968] cloud-init[656]: SHA256:50iA3k+4IkwQm0pdGFR/GnTWtqPhJJcC9xUn4NJonGo root@ubuntu-bionic
[[   23.004785] cloud-init[656]: The key's randomart image is:
[   23.004942] cloud-init[656]: +--[ED25519 256]--+
[   23.005493] cloud-init[656]: |. .o+o . +oo..   |
[0;32m  OK  [0m] Reached target Timers.
[   23.005994] cloud-init[656]: | +...o+.B  +o    |
[[   23.028838] cloud-init[656]: |+. .. +O.++ .    |
[   23.029665] cloud-init[656]: |o. . .o==* o     |
[   23.030646] cloud-init[656]: |. . .Eo.S + .    |
[0;32m  OK  [0m] Listening on ACPID Listen Socket.
[   23.032401] cloud-init[656]: | o  .  = *       |
[[   23.055820] cloud-init[656]: |  o . . o .      |
[   23.056121] cloud-init[656]: |   . .           |
[   23.056584] cloud-init[656]: |                 |
[0;32m  OK  [0m] Listening on UUID daemon activation socket.
[[0;32m  OK  [0m] Reached target Paths.
[[0;32m  OK  [0m] Reached target Cloud-config availability.
[   23.056784] cloud-init[656]: +----[SHA256]-----+
[[0;32m  OK  [0m] Reached target Network is Online.
         Starting Availability of block devices...
[[0;32m  OK  [0m] Reached target Remote File Systems (Pre).
[[0;32m  OK  [0m] Reached target Remote File Systems.
[[0;32m  OK  [0m] Listening on Socket activation for snappy daemon.
[[0;32m  OK  [0m] Listening on LXD - unix socket.
[[0;32m  OK  [0m] Started Availability of block devices.
[[0;32m  OK  [0m] Reached target Sockets.
[[0;32m  OK  [0m] Reached target Basic System.
         Starting Virtualbox guest utils...
         Starting Accounts Service...
[[0;32m  OK  [0m] Started Regular background program processing daemon.
         Starting Dispatcher daemon for systemd-networkd...
[[0;32m  OK  [0m] Started D-Bus System Message Bus.
         Starting LSB: Record successful boot for GRUB...
[[0;32m  OK  [0m] Started irqbalance daemon.
         Starting Snappy daemon...
         Starting LSB: automatic crash report generation...
[[0;32m  OK  [0m] Started FUSE filesystem for LXC.
[[0;32m  OK  [0m] Started Deferred execution scheduler.
         Starting System Logging Service...
         Starting Login Service...
         Starting Pollinate to seed the pseudo random number generator...
         Starting LXD - container startup/shutdown...
         Starting Permit User Sessions...
[[0;32m  OK  [0m] Started System Logging Service.
[[0;32m  OK  [0m] Started Permit User Sessions.
[[0;32m  OK  [0m] Started Login Service.
[[0;32m  OK  [0m] Started Unattended Upgrades Shutdown.
         Starting Hold until boot process finishes up...
         Starting Terminate Plymouth Boot Screen...
         Starting Authorization Manager...
[[0;32m  OK  [0m] Started Hold until boot process finishes up.
[[0;32m  OK  [0m] Started Serial Getty on ttyS0.
         Starting Set console scheme...
[[0;32m  OK  [0m] Started Terminate Plymouth Boot Screen.
[[0;32m  OK  [0m] Started LSB: automatic crash report generation.
[[0;32m  OK  [0m] Started Set console scheme.
[[0;32m  OK  [0m] Created slice system-getty.slice.
[[0;32m  OK  [0m] Started Getty on tty1.
[[0;32m  OK  [0m] Reached target Login Prompts.
[[0;32m  OK  [0m] Started LSB: Record successful boot for GRUB.
[[0;32m  OK  [0m] Started LXD - container startup/shutdown.
[[0;32m  OK  [0m] Started Authorization Manager.
[[0;32m  OK  [0m] Started Accounts Service.
[[0;32m  OK  [0m] Started Virtualbox guest utils.
[[0;32m  OK  [0m] Started Dispatcher daemon for systemd-networkd.
[[0;32m  OK  [0m] Started Snappy daemon.
         Starting Wait until snapd is fully seeded...
[[0;32m  OK  [0m] Started Wait until snapd is fully seeded.
         Starting Apply the settings specified in cloud-config...
[   27.672235] cloud-init[1062]: Cloud-init v. 19.4-33-gbb4131a2-0ubuntu1~18.04.1 running 'modules:config' at Tue, 31 Mar 2020 01:34:07 +0000. Up 27.18 seconds.
[[0;32m  OK  [0m] Started Apply the settings specified in cloud-config.

Ubuntu 18.04.4 LTS ubuntu-bionic ttyS0

ubuntu-bionic login: ci-info: no authorized SSH keys fingerprints found for user ubuntu.
<14>Mar 31 01:34:11 ec2: 
<14>Mar 31 01:34:11 ec2: #############################################################
<14>Mar 31 01:34:11 ec2: -----BEGIN SSH HOST KEY FINGERPRINTS-----
<14>Mar 31 01:34:11 ec2: 1024 SHA256:iJZEGcwNCextZEH5e7q4fbkAzle8O4nGGDnep8JOO8E root@ubuntu-bionic (DSA)
<14>Mar 31 01:34:11 ec2: 256 SHA256:so3W7c4XHvE0FMBQ7jvQgtMN+TddY3ZQrBvZtBWNK1o root@ubuntu-bionic (ECDSA)
<14>Mar 31 01:34:11 ec2: 256 SHA256:50iA3k+4IkwQm0pdGFR/GnTWtqPhJJcC9xUn4NJonGo root@ubuntu-bionic (ED25519)
<14>Mar 31 01:34:11 ec2: 2048 SHA256:KfeUdyNcXQByH6tG8sSlv26uJc6ldTYbGy0mBjA2vEs root@ubuntu-bionic (RSA)
<14>Mar 31 01:34:11 ec2: -----END SSH HOST KEY FINGERPRINTS-----
<14>Mar 31 01:34:11 ec2: #############################################################
-----BEGIN SSH HOST KEY KEYS-----
ecdsa-sha2-nistp256 AAAAE2VjZHNhLXNoYTItbmlzdHAyNTYAAAAIbmlzdHAyNTYAAABBBOGGoIDHA1cVRBBNlH7AHRzKIT5B8jOOaRrDIoLKV4qWwl8f591bl8XOrr4UP0Cx4jB7n6Hc7CQiigG+cH3JaVw= root@ubuntu-bionic
ssh-ed25519 AAAAC3NzaC1lZDI1NTE5AAAAII0zx9Fx1/twNL8FLNTobShaZPbUmrz4Kk19Q9vGkCbB root@ubuntu-bionic
ssh-rsa AAAAB3NzaC1yc2EAAAADAQABAAABAQC+YmtR1Muf1/DFo8mT4ey3VJQ/3YLAzFZkct80hyoRPDaUxhGlywe59laXUncZ6VtN7qCUECT33jelfLrsjgvP2BHDyzHgFyEiRcfp2jVikkpzCsUvVrL04krxmfOaMSiYUBjrEa7J79IfHxm3tMyTLhkiSKycUqiT6oQUgGVVRRt/mWb+3FQLYhqYJREpENeDIrZTVaiWV6BCbS/iFpQLBKCnClvelCreRoJILwPZ9b0rOZ/u/lg5kUlTHOTbhvnoNaGi2Z2v4CTEBnbnFCaoNb1kc+sfFTTTd2X5s9PBMEneQcBnZ04bxC5kcyIIw1jI6nU+G3jXLYEls2s0vVPR root@ubuntu-bionic
-----END SSH HOST KEY KEYS-----
[   31.159293] cloud-init[1156]: Cloud-init v. 19.4-33-gbb4131a2-0ubuntu1~18.04.1 running 'modules:final' at Tue, 31 Mar 2020 01:34:11 +0000. Up 30.93 seconds.
[   31.159405] cloud-init[1156]: ci-info: no authorized SSH keys fingerprints found for user ubuntu.
[   31.159445] cloud-init[1156]: Cloud-init v. 19.4-33-gbb4131a2-0ubuntu1~18.04.1 finished at Tue, 31 Mar 2020 01:34:11 +0000. Datasource DataSourceNoCloud [seed=/dev/sdb][dsmode=net].  Up 31.14 seconds
